build/app/outputs/mapping/release/seeds.txt
com.luck.picture.lib.entity.MediaExtraInfo: void setWidth(int)
com.luck.picture.lib.style.PictureCropParameterStyle: com.luck.picture.lib.style.PictureCropParameterStyle ofSelectTotalStyle()
androidx.appcompat.widget.Toolbar: int getCurrentContentInsetLeft()
androidx.core.view.ViewCompat$Api28Impl: void setScreenReaderFocusable(android.view.View,boolean)
com.yalantis.ucrop.view.OverlayView: OverlayView(android.content.Context,android.util.AttributeSet,int)
com.luck.picture.lib.widget.longimage.SubsamplingScaleImageView$Anim: android.graphics.PointF access$3102(com.luck.picture.lib.widget.longimage.SubsamplingScaleImageView$Anim,android.graphics.PointF)
androidx.appcompat.widget.AppCompatRadioButton: void setSupportButtonTintList(android.content.res.ColorStateList)
com.luck.picture.lib.PictureCustomCameraActivity: PictureCustomCameraActivity()
androidx.viewpager.widget.ViewPager: void removeView(android.view.View)
com.luck.picture.lib.animators.BaseAnimationAdapter: void onViewDetachedFromWindow(androidx.recyclerview.widget.RecyclerView$ViewHolder)
androidx.recyclerview.widget.RecyclerView$LayoutManager: void setAutoMeasureEnabled(boolean)
androidx.fragment.app.Fragment: boolean isPostponed()
androidx.core.view.ViewCompat$Api30Impl: void setStateDescription(android.view.View,java.lang.CharSequence)
com.luck.picture.lib.widget.longimage.SubsamplingScaleImageView: android.graphics.PointF access$2302(com.luck.picture.lib.widget.longimage.SubsamplingScaleImageView,android.graphics.PointF)
androidx.recyclerview.widget.RecyclerView: void repositionShadowingViews()
androidx.media3.common.util.ParsableByteArray: ParsableByteArray()
com.luck.picture.lib.entity.LocalMediaFolder: void setCheckedNum(int)
androidx.recyclerview.widget.RecyclerView$LayoutManager: android.os.Parcelable onSaveInstanceState()
androidx.activity.Api34Impl: float touchY(android.window.BackEvent)
com.yalantis.ucrop.UCropActivity: void setupScaleWidget()
androidx.media3.exoplayer.dash.DashMediaSource$Factory: DashMediaSource$Factory(androidx.media3.datasource.DataSource$Factory)
_COROUTINE._BOUNDARY: _BOUNDARY()
androidx.recyclerview.widget.RecyclerView$Adapter: void notifyItemRangeChanged(int,int,java.lang.Object)
com.luck.picture.lib.PictureSelectorActivity: void singleDirectReturnCameraHandleResult(com.luck.picture.lib.entity.LocalMedia)
com.luck.picture.lib.config.PictureMimeType: java.lang.String getLastImgType(java.lang.String)
androidx.appcompat.app.AppCompatActivity: android.content.Intent getSupportParentActivityIntent()
androidx.recyclerview.widget.RecyclerView: void setViewCacheExtension(androidx.recyclerview.widget.RecyclerView$ViewCacheExtension)
androidx.viewpager.widget.ViewPager: boolean resetTouch()
com.google.common.collect.ImmutableMap: ImmutableMap()
com.luck.picture.lib.camera.view.CaptureButton$RecordCountDownTimer: void onTick(long)
com.luck.picture.lib.photoview.PhotoView: void setScale(float,boolean)
com.luck.picture.lib.entity.LocalMediaFolder$1: java.lang.Object[] newArray(int)
androidx.recyclerview.widget.RecyclerView: void invalidateGlows()
androidx.viewpager.widget.ViewPager: void computeScroll()
androidx.concurrent.futures.AbstractResolvableFuture$Waiter: AbstractResolvableFuture$Waiter()
androidx.appcompat.widget.AbsActionBarView: void setVisibility(int)
io.flutter.plugins.googlesignin.GoogleSignInPlugin: GoogleSignInPlugin()
androidx.recyclerview.widget.RecyclerView: void nestedScrollByInternal(int,int,android.view.MotionEvent,int)
androidx.datastore.preferences.protobuf.WireFormat$FieldType: androidx.datastore.preferences.protobuf.WireFormat$FieldType[] values()
io.flutter.embedding.engine.renderer.SurfaceTextureWrapper: void markDirty()
com.luck.picture.lib.model.LocalMediaLoader: java.lang.String getSelection()
androidx.activity.ComponentActivity: void startActivityForResult(android.content.Intent,int,android.os.Bundle)
com.google.android.gms.maps.internal.zzcc: zzcc()