build/app/outputs/mapping/release/mapping.txt
# compiler: R8
# compiler_version: 3.3.70
# min_api: 29
# common_typos_disable
# {"id":"com.android.tools.r8.mapping","version":"2.0"}
# pg_map_id: 7fbd191
# pg_map_hash: SHA-256 7fbd19138a74d86f06eac7f07e3fe4f96d5283aa5b50a5d179c8178799ae696d
...
com.bumptech.glide.load.resource.bitmap.DefaultImageHeaderParser$StreamReader -> n4.k$d:
    java.io.InputStream is -> a
com.bumptech.glide.load.resource.bitmap.DownsampleStrategy -> n4.l:
    boolean IS_BITMAP_FACTORY_SCALING_SUPPORTED -> i
    com.bumptech.glide.load.resource.bitmap.DownsampleStrategy CENTER_INSIDE -> d
    com.bumptech.glide.load.resource.bitmap.DownsampleStrategy FIT_CENTER -> c
    com.bumptech.glide.load.resource.bitmap.DownsampleStrategy AT_MOST -> b
    com.bumptech.glide.load.resource.bitmap.DownsampleStrategy AT_LEAST -> a
    com.bumptech.glide.load.resource.bitmap.DownsampleStrategy DEFAULT -> g
    com.bumptech.glide.load.resource.bitmap.DownsampleStrategy NONE -> f
    com.bumptech.glide.load.resource.bitmap.DownsampleStrategy CENTER_OUTSIDE -> e
    com.bumptech.glide.load.Option OPTION -> h
    com.bumptech.glide.load.resource.bitmap.DownsampleStrategy$SampleSizeRounding getSampleSizeRounding(int,int,int,int) -> a
    float getScaleFactor(int,int,int,int) -> b
com.bumptech.glide.load.resource.bitmap.DownsampleStrategy$AtLeast -> n4.l$a:
    com.bumptech.glide.load.resource.bitmap.DownsampleStrategy$SampleSizeRounding getSampleSizeRounding(int,int,int,int) -> a
    float getScaleFactor(int,int,int,int) -> b
com.bumptech.glide.load.resource.bitmap.DownsampleStrategy$AtMost -> n4.l$b:
    com.bumptech.glide.load.resource.bitmap.DownsampleStrategy$SampleSizeRounding getSampleSizeRounding(int,int,int,int) -> a
    float getScaleFactor(int,int,int,int) -> b
com.bumptech.glide.load.resource.bitmap.DownsampleStrategy$CenterInside -> n4.l$c:
    com.bumptech.glide.load.resource.bitmap.DownsampleStrategy$SampleSizeRounding getSampleSizeRounding(int,int,int,int) -> a
    float getScaleFactor(int,int,int,int) -> b
com.bumptech.glide.load.resource.bitmap.DownsampleStrategy$CenterOutside -> n4.l$d:
    com.bumptech.glide.load.resource.bitmap.DownsampleStrategy$SampleSizeRounding getSampleSizeRounding(int,int,int,int) -> a
    float getScaleFactor(int,int,int,int) -> b
com.bumptech.glide.load.resource.bitmap.DownsampleStrategy$FitCenter -> n4.l$e:
    com.bumptech.glide.load.resource.bitmap.DownsampleStrategy$SampleSizeRounding getSampleSizeRounding(int,int,int,int) -> a
    float getScaleFactor(int,int,int,int) -> b
com.bumptech.glide.load.resource.bitmap.DownsampleStrategy$None -> n4.l$f:
    com.bumptech.glide.load.resource.bitmap.DownsampleStrategy$SampleSizeRounding getSampleSizeRounding(int,int,int,int) -> a
    float getScaleFactor(int,int,int,int) -> b
com.bumptech.glide.load.resource.bitmap.DownsampleStrategy$SampleSizeRounding -> n4.l$g:
    com.bumptech.glide.load.resource.bitmap.DownsampleStrategy$SampleSizeRounding[] $VALUES -> j
    com.bumptech.glide.load.resource.bitmap.DownsampleStrategy$SampleSizeRounding MEMORY -> h
    com.bumptech.glide.load.resource.bitmap.DownsampleStrategy$SampleSizeRounding QUALITY -> i