build/app/outputs/mapping/release/usage.txt
androidx.camera.core.impl.UseCaseConfig:
    public androidx.camera.core.CameraSelector getCameraSelector()
    public androidx.camera.core.impl.CaptureConfig$OptionUnpacker getCaptureOptionUnpacker()
    public androidx.camera.core.impl.CaptureConfig getDefaultCaptureConfig()
    public androidx.camera.core.impl.CaptureConfig getDefaultCaptureConfig(androidx.camera.core.impl.CaptureConfig)
    public androidx.camera.core.impl.SessionConfig getDefaultSessionConfig()
    public androidx.camera.core.impl.SessionConfig getDefaultSessionConfig(androidx.camera.core.impl.SessionConfig)
    public androidx.camera.core.impl.SessionConfig$OptionUnpacker getSessionOptionUnpacker()
    public int getSurfaceOccupancyPriority()
    public int getSurfaceOccupancyPriority(int)
androidx.camera.core.impl.VideoCaptureConfig:
    public int getAudioBitRate(int)
    public int getAudioChannelCount(int)
    public int getAudioMinBufferSize(int)
    public int getAudioSampleRate(int)
    public int getBitRate(int)
    public int getIFrameInterval(int)
    public int getVideoFrameRate(int)
androidx.camera.core.impl.annotation.ExecutedBy
androidx.camera.core.impl.annotation.package-info
androidx.camera.core.impl.package-info
androidx.camera.core.impl.utils.Absent
androidx.camera.core.impl.utils.ByteOrderedDataInputStream
androidx.camera.core.impl.utils.CameraOrientationUtil
androidx.camera.core.impl.utils.CloseGuardHelper$CloseGuardApi30Impl
androidx.camera.core.impl.utils.CloseGuardHelper$CloseGuardImpl
androidx.camera.core.impl.utils.CloseGuardHelper$CloseGuardNoOpImpl
androidx.camera.core.impl.utils.CloseGuardHelper
androidx.camera.core.impl.utils.ContextUtil$Api30Impl:
    private void <init>()
androidx.camera.core.impl.utils.ContextUtil:
    private void <init>()
androidx.camera.core.impl.utils.Exif$Speed$Converter:
    double toKilometersPerHour()
    double toKnots()
    double toMilesPerHour()
androidx.camera.core.impl.utils.Exif$Speed:
    private void <init>()
    static androidx.camera.core.impl.utils.Exif$Speed$Converter fromMetersPerSecond(double)
androidx.camera.core.impl.utils.Exif:
    public static final long INVALID_TIMESTAMP
    private static final java.lang.String KILOMETERS_PER_HOUR
    private static final java.lang.String KNOTS
    private static final java.lang.String MILES_PER_HOUR
    public void attachTimestamp()
    public long getLastModifiedTimestamp()
    public void removeLocation()
    public void removeTimestamp()
    public void setDescription(java.lang.String)
    public void setOrientation(int)
androidx.camera.core.impl.utils.ExifAttribute:
    public static final long BYTES_OFFSET_UNKNOWN
    static final int IFD_FORMAT_BYTE
    static final int IFD_FORMAT_DOUBLE
    static final int IFD_FORMAT_SBYTE
    static final int IFD_FORMAT_SINGLE
    static final int IFD_FORMAT_SLONG
    static final int IFD_FORMAT_SRATIONAL
    static final int IFD_FORMAT_SSHORT
    static final int IFD_FORMAT_STRING
    static final int IFD_FORMAT_ULONG
    static final int IFD_FORMAT_UNDEFINED
    static final int IFD_FORMAT_URATIONAL
    static final int IFD_FORMAT_USHORT
    private static final java.lang.String TAG
    public static androidx.camera.core.impl.utils.ExifAttribute createDouble(double,java.nio.ByteOrder)
    public static androidx.camera.core.impl.utils.ExifAttribute createSLong(int,java.nio.ByteOrder)
    public static androidx.camera.core.impl.utils.ExifAttribute createSRational(androidx.camera.core.impl.utils.LongRational,java.nio.ByteOrder)
    public static androidx.camera.core.impl.utils.ExifAttribute createURational(androidx.camera.core.impl.utils.LongRational,java.nio.ByteOrder)
    public static androidx.camera.core.impl.utils.ExifAttribute createUShort(int,java.nio.ByteOrder)
    public double getDoubleValue(java.nio.ByteOrder)
    public int getIntValue(java.nio.ByteOrder)
    public java.lang.String getStringValue(java.nio.ByteOrder)
    java.lang.Object getValue(java.nio.ByteOrder)